SF:lib/app/pages/splash/widgets/splash_widgets.dart
DA:7,2
DA:10,1
DA:12,1
DA:13,1
DA:14,1
LF:5
LH:5
end_of_record
SF:lib/app/pages/dashboard/dashboard_controller.dart
DA:5,0
LF:1
LH:0
end_of_record
SF:lib/app/pages/dashboard/dashboard_presenter.dart
DA:5,0
LF:1
LH:0
end_of_record
SF:lib/app/pages/login/login_controller.dart
DA:8,0
DA:27,0
DA:28,0
DA:34,0
DA:35,0
DA:37,0
DA:38,0
DA:39,0
DA:40,0
DA:41,0
DA:42,0
DA:44,0
DA:45,0
DA:47,0
DA:48,0
DA:49,0
DA:51,0
DA:52,0
DA:54,0
DA:55,0
DA:56,0
DA:58,0
DA:59,0
DA:61,0
DA:62,0
DA:63,0
DA:65,0
DA:66,0
DA:68,0
DA:69,0
DA:70,0
DA:71,0
DA:72,0
DA:73,0
DA:75,0
DA:76,0
DA:78,0
DA:79,0
DA:80,0
DA:82,0
DA:83,0
DA:85,0
DA:86,0
DA:87,0
DA:89,0
DA:90,0
DA:92,0
DA:93,0
DA:94,0
DA:96,0
DA:97,0
DA:102,0
DA:103,0
DA:104,0
DA:107,0
DA:108,0
DA:109,0
DA:112,0
DA:113,0
DA:114,0
DA:115,0
DA:117,0
DA:118,0
DA:119,0
DA:121,0
DA:124,0
DA:125,0
DA:126,0
DA:127,0
LF:69
LH:0
end_of_record
SF:lib/app/pages/login/login_presenter.dart
DA:5,0
LF:1
LH:0
end_of_record
SF:lib/app/pages/splash/splash_conroller.dart
DA:7,1
DA:9,1
DA:11,1
DA:12,4
LF:4
LH:4
end_of_record
SF:lib/app/pages/splash/splash_presenter.dart
DA:5,1
LF:1
LH:1
end_of_record
SF:lib/app/navigator/app_pages.dart
DA:15,0
DA:16,0
DA:18,0
DA:19,0
DA:21,0
DA:23,0
DA:24,0
DA:26,0
DA:28,0
DA:29,0
LF:10
LH:0
end_of_record
SF:lib/app/pages/login/login_binding.dart
DA:6,0
DA:8,0
DA:9,0
LF:3
LH:0
end_of_record
SF:lib/app/pages/login/login_views.dart
DA:7,1
DA:9,0
DA:10,0
LF:3
LH:1
end_of_record
SF:lib/app/pages/dashboard/dashboard_view.dart
DA:8,1
DA:10,0
LF:2
LH:1
end_of_record
SF:lib/app/pages/dashboard/dashboard_binding.dart
DA:7,0
DA:9,0
DA:10,0
LF:3
LH:0
end_of_record
SF:lib/app/pages/dashboard/widgets/dashboard_widgets.dart
DA:9,1
DA:13,0
DA:15,0
DA:16,0
DA:19,0
DA:20,0
DA:22,0
DA:23,0
DA:24,0
DA:25,0
DA:30,0
DA:31,0
DA:34,0
DA:37,0
LF:14
LH:1
end_of_record
SF:lib/app/pages/login/widgets/login_widgets.dart
DA:14,0
DA:16,0
DA:17,0
DA:18,0
DA:20,0
DA:21,0
DA:22,0
DA:23,0
DA:26,0
DA:27,0
DA:42,0
DA:44,0
DA:45,0
DA:46,0
DA:50,0
DA:51,0
DA:55,0
DA:58,0
DA:65,0
DA:66,0
DA:67,0
DA:69,0
DA:70,0
DA:76,0
DA:78,0
DA:79,0
DA:82,0
DA:84,0
DA:85,0
DA:89,0
DA:92,0
DA:100,0
DA:101,0
DA:102,0
DA:104,0
DA:105,0
DA:111,0
DA:113,0
DA:117,0
DA:118,0
DA:119,0
DA:123,0
DA:124,0
DA:127,0
DA:128,0
DA:129,0
DA:130,0
DA:148,0
DA:149,0
DA:150,0
DA:154,0
DA:155,0
DA:158,0
DA:159,0
DA:160,0
DA:161,0
DA:179,0
DA:180,0
DA:181,0
DA:185,0
DA:186,0
DA:189,0
DA:190,0
DA:191,0
DA:192,0
DA:210,0
DA:211,0
DA:212,0
DA:216,0
DA:217,0
DA:220,0
DA:221,0
DA:222,0
DA:223,0
DA:241,0
DA:242,0
DA:243,0
DA:247,0
DA:248,0
DA:251,0
DA:252,0
DA:253,0
DA:254,0
DA:274,0
DA:276,0
DA:281,0
DA:282,0
DA:283,0
DA:284,0
DA:285,0
DA:291,0
DA:293,0
DA:294,0
DA:295,0
DA:296,0
DA:297,0
DA:301,0
DA:302,0
DA:303,0
DA:306,0
DA:307,0
DA:308,0
DA:309,0
DA:310,0
DA:311,0
DA:312,0
DA:313,0
DA:314,0
DA:315,0
DA:316,0
DA:317,0
DA:318,0
LF:112
LH:0
end_of_record
SF:lib/app/pages/splash/splash_binding.dart
DA:7,0
DA:9,0
DA:10,0
LF:3
LH:0
end_of_record
SF:lib/app/pages/splash/splash_views.dart
DA:7,2
DA:9,1
DA:10,1
DA:11,1
DA:12,1
LF:5
LH:5
end_of_record
